<?xml version="1.0" encoding="UTF-8"?>
<coverage generated="1692227879784" clover="3.2.0">
  <project timestamp="1692227879785" name="All files">
    <metrics statements="8" coveredstatements="8" conditionals="1" coveredconditionals="1" methods="1" coveredmethods="1" elements="10" coveredelements="10" complexity="0" loc="8" ncloc="8" packages="1" files="1" classes="1"/>
    <file name="carValueCalculator.ts" path="C:\Users\Jorge\OneDrive\Documentos\Mission Ready\Level 5\Missions\Mission1\L5-Mission1\carValueCalculator.ts">
      <metrics statements="8" coveredstatements="8" conditionals="1" coveredconditionals="1" methods="1" coveredmethods="1"/>
      <line num="2" count="1" type="stmt"/>
      <line num="3" count="2" type="stmt"/>
      <line num="5" count="2" type="stmt"/>
      <line num="6" count="2" type="stmt"/>
      <line num="7" count="7" type="stmt"/>
      <line num="8" count="7" type="cond" truecount="1" falsecount="0"/>
      <line num="9" count="7" type="stmt"/>
      <line num="13" count="2" type="stmt"/>
    </file>
  </project>
</coverage>
