{"C:\\Users\\Jorge\\OneDrive\\Documentos\\Mission Ready\\Level 5\\Missions\\Mission1\\L5-Mission1\\carValueCalculator.ts": {"path":"C:\\Users\\Jorge\\OneDrive\\Documentos\\Mission Ready\\Level 5\\Missions\\Mission1\\L5-Mission1\\carValueCalculator.ts","statementMap":{"0":{"start":{"line":3,"column":30},"end":{"line":3,"column":58}},"1":{"start":{"line":5,"column":24},"end":{"line":5,"column":25}},"2":{"start":{"line":6,"column":4},"end":{"line":11,"column":null}},"3":{"start":{"line":7,"column":30},"end":{"line":7,"column":53}},"4":{"start":{"line":8,"column":8},"end":{"line":10,"column":null}},"5":{"start":{"line":9,"column":12},"end":{"line":9,"column":33}},"6":{"start":{"line":13,"column":4},"end":{"line":13,"column":32}},"7":{"start":{"line":2,"column":0},"end":{"line":2,"column":16}}},"fnMap":{"0":{"name":"carValueCalculator","decl":{"start":{"line":2,"column":16},"end":{"line":2,"column":34}},"loc":{"start":{"line":2,"column":62},"end":{"line":14,"column":1}}}},"branchMap":{"0":{"loc":{"start":{"line":8,"column":8},"end":{"line":10,"column":null}},"type":"if","locations":[{"start":{"line":8,"column":8},"end":{"line":10,"column":null}}]}},"s":{"0":4,"1":4,"2":4,"3":17,"4":17,"5":17,"6":4,"7":1},"f":{"0":4},"b":{"0":[17]}}
}
